#
# There is insufficient memory for the Java Runtime Environment to continue.
# Native memory allocation (malloc) failed to allocate 32744 bytes for ChunkPool::allocate
# Possible reasons:
#   The system is out of physical RAM or swap space
#   In 32 bit mode, the process size limit was hit
# Possible solutions:
#   Reduce memory load on the system
#   Increase physical memory or swap space
#   Check if swap backing store is full
#   Use 64 bit Java on a 64 bit OS
#   Decrease Java heap size (-Xmx/-Xms)
#   Decrease number of Java threads
#   Decrease Java thread stack sizes (-Xss)
#   Set larger code cache with -XX:ReservedCodeCacheSize=
# This output file may be truncated or incomplete.
#
#  Out of Memory Error (allocation.cpp:273), pid=5384, tid=0x000000000000189c
#
# JRE version: OpenJDK Runtime Environment (8.0_152-b01) (build 1.8.0_152-release-915-b01)
# Java VM: OpenJDK 64-Bit Server VM (25.152-b01 mixed mode windows-amd64 compressed oops)
# Failed to write core dump. Minidumps are not enabled by default on client versions of Windows
#

---------------  T H R E A D  ---------------

Current thread (0x0000000015aad000):  JavaThread "C1 CompilerThread2" daemon [_thread_in_native, id=6300, stack(0x00000000172e0000,0x00000000173e0000)]

Stack: [0x00000000172e0000,0x00000000173e0000]
[error occurred during error reporting (printing stack bounds), id 0xc0000005]

Native frames: (J=compiled Java code, j=interpreted, Vv=VM code, C=native code)


Current CompileTask:
C1:  11452 4165       3       org.gradle.api.internal.project.taskfactory.DefaultTaskClassInfoStore::createTaskAction (248 bytes)


---------------  P R O C E S S  ---------------

Java Threads: ( => current thread )
  0x000000001d136000 JavaThread "Memory manager" [_thread_blocked, id=1508, stack(0x0000000020950000,0x0000000020a50000)]
  0x000000001d135800 JavaThread "pool-1-thread-1" [_thread_blocked, id=5372, stack(0x00000000201e0000,0x00000000202e0000)]
  0x000000001b86c000 JavaThread "Build operations Thread 4" [_thread_blocked, id=3912, stack(0x000000001fce0000,0x000000001fde0000)]
  0x000000001b86b000 JavaThread "Build operations Thread 3" [_thread_blocked, id=1360, stack(0x000000001fbe0000,0x000000001fce0000)]
  0x000000001b869800 JavaThread "Build operations Thread 2" [_thread_blocked, id=5112, stack(0x000000001fae0000,0x000000001fbe0000)]
  0x000000001b870800 JavaThread "Build operations" [_thread_blocked, id=5784, stack(0x000000001dfd0000,0x000000001e0d0000)]
  0x000000001b86a800 JavaThread "Cache worker for Artifact transforms cache (C:\Users\admin\.gradle\caches\transforms-1)" [_thread_blocked, id=6164, stack(0x000000001ca70000,0x000000001cb70000)]
  0x0000000018c09800 JavaThread "Cache worker for file hash cache (C:\Users\admin\AndroidStudioProjects\Intern\.gradle\4.6\fileHashes)" [_thread_blocked, id=5944, stack(0x000000001b5a0000,0x000000001b6a0000)]
  0x0000000018f8b000 JavaThread "File lock request listener" [_thread_in_native, id=6632, stack(0x000000001a4d0000,0x000000001a5d0000)]
  0x0000000018c5e000 JavaThread "Cache worker for file hash cache (C:\Users\admin\.gradle\caches\4.6\fileHashes)" [_thread_blocked, id=824, stack(0x000000001a3d0000,0x000000001a4d0000)]
  0x00000000188f5000 JavaThread "Stdin handler" [_thread_blocked, id=6148, stack(0x000000001a0d0000,0x000000001a1d0000)]
  0x00000000188f4000 JavaThread "Asynchronous log dispatcher for DefaultDaemonConnection: socket connection from /127.0.0.1:54805 to /127.0.0.1:54806" [_thread_blocked, id=5440, stack(0x0000000019fd0000,0x000000001a0d0000)]
  0x0000000018b2e000 JavaThread "Daemon worker" [_thread_in_vm, id=4972, stack(0x0000000019ed0000,0x0000000019fd0000)]
  0x0000000018b2d800 JavaThread "Cancel handler" [_thread_blocked, id=2420, stack(0x0000000019dd0000,0x0000000019ed0000)]
  0x00000000186c6800 JavaThread "Handler for socket connection from /127.0.0.1:54805 to /127.0.0.1:54806" [_thread_in_native, id=5568, stack(0x0000000019ad0000,0x0000000019bd0000)]
  0x00000000186c6000 JavaThread "Daemon" [_thread_blocked, id=5544, stack(0x00000000199d0000,0x0000000019ad0000)]
  0x00000000189db000 JavaThread "Daemon periodic checks" [_thread_blocked, id=3476, stack(0x00000000198d0000,0x00000000199d0000)]
  0x0000000018ba7800 JavaThread "Incoming local TCP Connector on port 54805" [_thread_in_native, id=1284, stack(0x00000000196f0000,0x00000000197f0000)]
  0x00000000173fd000 JavaThread "Service Thread" daemon [_thread_blocked, id=1328, stack(0x00000000177e0000,0x00000000178e0000)]
=>0x0000000015aad000 JavaThread "C1 CompilerThread2" daemon [_thread_in_native, id=6300, stack(0x00000000172e0000,0x00000000173e0000)]
  0x0000000015a7f000 JavaThread "C2 CompilerThread1" daemon [_thread_in_native, id=1656, stack(0x00000000171e0000,0x00000000172e0000)]
  0x0000000015a7c000 JavaThread "C2 CompilerThread0" daemon [_thread_in_native, id=6588, stack(0x00000000170e0000,0x00000000171e0000)]
  0x0000000015a7a800 JavaThread "Attach Listener" daemon [_thread_blocked, id=7072, stack(0x0000000016fe0000,0x00000000170e0000)]
  0x0000000015a79800 JavaThread "Signal Dispatcher" daemon [_thread_blocked, id=6468, stack(0x0000000016ee0000,0x0000000016fe0000)]
  0x00000000020ec000 JavaThread "Finalizer" daemon [_thread_blocked, id=2792, stack(0x0000000016cf0000,0x0000000016df0000)]
  0x00000000020e1000 JavaThread "Reference Handler" daemon [_thread_blocked, id=800, stack(0x0000000016bf0000,0x0000000016cf0000)]
  0x0000000001e9d800 JavaThread "main" [_thread_blocked, id=3744, stack(0x0000000001ef0000,0x0000000001ff0000)]

Other Threads:
  0x0000000015a45800 VMThread [stack: 0x0000000016af0000,0x0000000016bf0000] [id=6480]
  0x00000000173ff800 WatcherThread [stack: 0x00000000178e0000,0x00000000179e0000] [id=2908]

VM state:not at safepoint (normal execution)

VM Mutex/Monitor currently owned by a thread: None

Heap:
 PSYoungGen      total 91136K, used 75390K [0x00000000e0000000, 0x00000000e6680000, 0x0000000100000000)
  eden space 80896K, 93% used [0x00000000e0000000,0x00000000e499fb40,0x00000000e4f00000)
  from space 10240K, 0% used [0x00000000e5a80000,0x00000000e5a80000,0x00000000e6480000)
  to   space 11776K, 0% used [0x00000000e4f00000,0x00000000e4f00000,0x00000000e5a80000)
 ParOldGen       total 57856K, used 16777K [0x00000000a0000000, 0x00000000a3880000, 0x00000000e0000000)
  object space 57856K, 28% used [0x00000000a0000000,0x00000000a10624a8,0x00000000a3880000)
 Metaspace       used 41758K, capacity 42756K, committed 42880K, reserved 1085440K
  class space    used 5602K, capacity 5928K, committed 6016K, reserved 1048576K

Card table byte_map: [0x00000000114b0000,0x00000000117c0000] byte_map_base: 0x0000000010fb0000

Marking Bits: (ParMarkBitMap*) 0x00000000625a3950
 Begin Bits: [0x0000000011dc0000, 0x00000000135c0000)
 End Bits:   [0x00000000135c0000, 0x0000000014dc0000)

Polling page: 0x0000000001e80000

CodeCache: size=245760Kb used=13508Kb max_used=13508Kb free=232251Kb
 bounds [0x00000000020f0000, 0x0000000002e30000, 0x00000000110f0000]
 total_blobs=4542 nmethods=3800 adapters=654
 compilation: enabled

Compilation events (10 events):
Event: 11.441 Thread 0x0000000015aad000 nmethod 4159 0x0000000002e2be10 code [0x0000000002e2bf60, 0x0000000002e2c070]
Event: 11.442 Thread 0x0000000015aad000 4160       1       org.gradle.model.internal.core.ModelPath::toString (5 bytes)
Event: 11.442 Thread 0x0000000015aad000 nmethod 4160 0x0000000002e2bb50 code [0x0000000002e2bca0, 0x0000000002e2bdb0]
Event: 11.443 Thread 0x0000000015aad000 4162       3       org.gradle.internal.reflect.MutablePropertyDetails::getSetters (8 bytes)
Event: 11.443 Thread 0x0000000015aad000 nmethod 4162 0x0000000002e2b7d0 code [0x0000000002e2b920, 0x0000000002e2bab0]
Event: 11.443 Thread 0x0000000015aad000 4163       3       org.gradle.api.internal.AbstractClassGenerator$PropertyMetaData::addGetter (29 bytes)
Event: 11.444 Thread 0x0000000015aad000 nmethod 4163 0x0000000002e2df50 code [0x0000000002e2e140, 0x0000000002e2eae8]
Event: 11.444 Thread 0x0000000015aad000 4164       3       org.gradle.api.internal.AbstractClassGenerator$PropertyMetaData::<init> (43 bytes)
Event: 11.444 Thread 0x0000000015aad000 nmethod 4164 0x0000000002e2eed0 code [0x0000000002e2f0a0, 0x0000000002e2f850]
Event: 11.446 Thread 0x0000000015aad000 4165       3       org.gradle.api.internal.project.taskfactory.DefaultTaskClassInfoStore::createTaskAction (248 bytes)

GC Heap History (10 events):
Event: 3.965 GC heap before
{Heap before GC invocations=8 (full 1):
 PSYoungGen      total 72192K, used 5909K [0x00000000e0000000, 0x00000000e4f00000, 0x0000000100000000)
  eden space 64512K, 0% used [0x00000000e0000000,0x00000000e0000000,0x00000000e3f00000)
  from space 7680K, 76% used [0x00000000e3f00000,0x00000000e44c57c0,0x00000000e4680000)
  to   space 6656K, 0% used [0x00000000e4680000,0x00000000e4680000,0x00000000e4d00000)
 ParOldGen       total 44032K, used 7232K [0x00000000a0000000, 0x00000000a2b00000, 0x00000000e0000000)
  object space 44032K, 16% used [0x00000000a0000000,0x00000000a0710078,0x00000000a2b00000)
 Metaspace       used 20814K, capacity 21188K, committed 21248K, reserved 1067008K
  class space    used 2910K, capacity 3037K, committed 3072K, reserved 1048576K
Event: 4.027 GC heap after
Heap after GC invocations=8 (full 1):
 PSYoungGen      total 72192K, used 0K [0x00000000e0000000, 0x00000000e4f00000, 0x0000000100000000)
  eden space 64512K, 0% used [0x00000000e0000000,0x00000000e0000000,0x00000000e3f00000)
  from space 7680K, 0% used [0x00000000e3f00000,0x00000000e3f00000,0x00000000e4680000)
  to   space 6656K, 0% used [0x00000000e4680000,0x00000000e4680000,0x00000000e4d00000)
 ParOldGen       total 35840K, used 8306K [0x00000000a0000000, 0x00000000a2300000, 0x00000000e0000000)
  object space 35840K, 23% used [0x00000000a0000000,0x00000000a081c840,0x00000000a2300000)
 Metaspace       used 20814K, capacity 21188K, committed 21248K, reserved 1067008K
  class space    used 2910K, capacity 3037K, committed 3072K, reserved 1048576K
}
Event: 5.110 GC heap before
{Heap before GC invocations=9 (full 1):
 PSYoungGen      total 72192K, used 64512K [0x00000000e0000000, 0x00000000e4f00000, 0x0000000100000000)
  eden space 64512K, 100% used [0x00000000e0000000,0x00000000e3f00000,0x00000000e3f00000)
  from space 7680K, 0% used [0x00000000e3f00000,0x00000000e3f00000,0x00000000e4680000)
  to   space 6656K, 0% used [0x00000000e4680000,0x00000000e4680000,0x00000000e4d00000)
 ParOldGen       total 35840K, used 8306K [0x00000000a0000000, 0x00000000a2300000, 0x00000000e0000000)
  object space 35840K, 23% used [0x00000000a0000000,0x00000000a081c840,0x00000000a2300000)
 Metaspace       used 25848K, capacity 26264K, committed 26624K, reserved 1073152K
  class space    used 3606K, capacity 3761K, committed 3840K, reserved 1048576K
Event: 5.119 GC heap after
Heap after GC invocations=9 (full 1):
 PSYoungGen      total 70144K, used 6378K [0x00000000e0000000, 0x00000000e7080000, 0x0000000100000000)
  eden space 63488K, 0% used [0x00000000e0000000,0x00000000e0000000,0x00000000e3e00000)
  from space 6656K, 95% used [0x00000000e4680000,0x00000000e4cba928,0x00000000e4d00000)
  to   space 8704K, 0% used [0x00000000e3e00000,0x00000000e3e00000,0x00000000e4680000)
 ParOldGen       total 35840K, used 8314K [0x00000000a0000000, 0x00000000a2300000, 0x00000000e0000000)
  object space 35840K, 23% used [0x00000000a0000000,0x00000000a081e840,0x00000000a2300000)
 Metaspace       used 25848K, capacity 26264K, committed 26624K, reserved 1073152K
  class space    used 3606K, capacity 3761K, committed 3840K, reserved 1048576K
}
Event: 6.641 GC heap before
{Heap before GC invocations=10 (full 1):
 PSYoungGen      total 70144K, used 69866K [0x00000000e0000000, 0x00000000e7080000, 0x0000000100000000)
  eden space 63488K, 100% used [0x00000000e0000000,0x00000000e3e00000,0x00000000e3e00000)
  from space 6656K, 95% used [0x00000000e4680000,0x00000000e4cba928,0x00000000e4d00000)
  to   space 8704K, 0% used [0x00000000e3e00000,0x00000000e3e00000,0x00000000e4680000)
 ParOldGen       total 35840K, used 8314K [0x00000000a0000000, 0x00000000a2300000, 0x00000000e0000000)
  object space 35840K, 23% used [0x00000000a0000000,0x00000000a081e840,0x00000000a2300000)
 Metaspace       used 30351K, capacity 30978K, committed 31232K, reserved 1075200K
  class space    used 4277K, capacity 4541K, committed 4608K, reserved 1048576K
Event: 6.656 GC heap after
Heap after GC invocations=10 (full 1):
 PSYoungGen      total 72192K, used 8696K [0x00000000e0000000, 0x00000000e6480000, 0x0000000100000000)
  eden space 63488K, 0% used [0x00000000e0000000,0x00000000e0000000,0x00000000e3e00000)
  from space 8704K, 99% used [0x00000000e3e00000,0x00000000e467e110,0x00000000e4680000)
  to   space 10240K, 0% used [0x00000000e5a80000,0x00000000e5a80000,0x00000000e6480000)
 ParOldGen       total 35840K, used 9481K [0x00000000a0000000, 0x00000000a2300000, 0x00000000e0000000)
  object space 35840K, 26% used [0x00000000a0000000,0x00000000a09424c0,0x00000000a2300000)
 Metaspace       used 30351K, capacity 30978K, committed 31232K, reserved 1075200K
  class space    used 4277K, capacity 4541K, committed 4608K, reserved 1048576K
}
Event: 8.212 GC heap before
{Heap before GC invocations=11 (full 1):
 PSYoungGen      total 72192K, used 39898K [0x00000000e0000000, 0x00000000e6480000, 0x0000000100000000)
  eden space 63488K, 49% used [0x00000000e0000000,0x00000000e1e78738,0x00000000e3e00000)
  from space 8704K, 99% used [0x00000000e3e00000,0x00000000e467e110,0x00000000e4680000)
  to   space 10240K, 0% used [0x00000000e5a80000,0x00000000e5a80000,0x00000000e6480000)
 ParOldGen       total 35840K, used 9481K [0x00000000a0000000, 0x00000000a2300000, 0x00000000e0000000)
  object space 35840K, 26% used [0x00000000a0000000,0x00000000a09424c0,0x00000000a2300000)
 Metaspace       used 34597K, capacity 35264K, committed 35416K, reserved 1079296K
  class space    used 4725K, capacity 5008K, committed 5120K, reserved 1048576K
Event: 8.226 GC heap after
Heap after GC invocations=11 (full 1):
 PSYoungGen      total 91136K, used 10229K [0x00000000e0000000, 0x00000000e6680000, 0x0000000100000000)
  eden space 80896K, 0% used [0x00000000e0000000,0x00000000e0000000,0x00000000e4f00000)
  from space 10240K, 99% used [0x00000000e5a80000,0x00000000e647d7c0,0x00000000e6480000)
  to   space 11776K, 0% used [0x00000000e4f00000,0x00000000e4f00000,0x00000000e5a80000)
 ParOldGen       total 35840K, used 9756K [0x00000000a0000000, 0x00000000a2300000, 0x00000000e0000000)
  object space 35840K, 27% used [0x00000000a0000000,0x00000000a09873b0,0x00000000a2300000)
 Metaspace       used 34597K, capacity 35264K, committed 35416K, reserved 1079296K
  class space    used 4725K, capacity 5008K, committed 5120K, reserved 1048576K
}
Event: 8.226 GC heap before
{Heap before GC invocations=12 (full 2):
 PSYoungGen      total 91136K, used 10229K [0x00000000e0000000, 0x00000000e6680000, 0x0000000100000000)
  eden space 80896K, 0% used [0x00000000e0000000,0x00000000e0000000,0x00000000e4f00000)
  from space 10240K, 99% used [0x00000000e5a80000,0x00000000e647d7c0,0x00000000e6480000)
  to   space 11776K, 0% used [0x00000000e4f00000,0x00000000e4f00000,0x00000000e5a80000)
 ParOldGen       total 35840K, used 9756K [0x00000000a0000000, 0x00000000a2300000, 0x00000000e0000000)
  object space 35840K, 27% used [0x00000000a0000000,0x00000000a09873b0,0x00000000a2300000)
 Metaspace       used 34597K, capacity 35264K, committed 35416K, reserved 1079296K
  class space    used 4725K, capacity 5008K, committed 5120K, reserved 1048576K
Event: 8.304 GC heap after
Heap after GC invocations=12 (full 2):
 PSYoungGen      total 91136K, used 0K [0x00000000e0000000, 0x00000000e6680000, 0x0000000100000000)
  eden space 80896K, 0% used [0x00000000e0000000,0x00000000e0000000,0x00000000e4f00000)
  from space 10240K, 0% used [0x00000000e5a80000,0x00000000e5a80000,0x00000000e6480000)
  to   space 11776K, 0% used [0x00000000e4f00000,0x00000000e4f00000,0x00000000e5a80000)
 ParOldGen       total 57856K, used 16777K [0x00000000a0000000, 0x00000000a3880000, 0x00000000e0000000)
  object space 57856K, 28% used [0x00000000a0000000,0x00000000a10624a8,0x00000000a3880000)
 Metaspace       used 34582K, capacity 35246K, committed 35416K, reserved 1079296K
  class space    used 4720K, capacity 5002K, committed 5120K, reserved 1048576K
}

Deoptimization events (10 events):
Event: 10.632 Thread 0x0000000018b2e000 Uncommon trap: reason=null_check action=make_not_entrant pc=0x0000000002cc5110 method=java.lang.ThreadLocal$ThreadLocalMap.getEntryAfterMiss(Ljava/lang/ThreadLocal;ILjava/lang/ThreadLocal$ThreadLocalMap$Entry;)Ljava/lang/ThreadLocal$ThreadLocalMap$Entry; 
Event: 10.635 Thread 0x0000000018b2e000 Uncommon trap: reason=null_check action=make_not_entrant pc=0x0000000002cc57d4 method=java.lang.ThreadLocal$ThreadLocalMap.getEntryAfterMiss(Ljava/lang/ThreadLocal;ILjava/lang/ThreadLocal$ThreadLocalMap$Entry;)Ljava/lang/ThreadLocal$ThreadLocalMap$Entry; 
Event: 10.829 Thread 0x0000000018b2e000 Uncommon trap: reason=class_check action=maybe_recompile pc=0x0000000002671454 method=java.io.BufferedInputStream.read1([BII)I @ 39
Event: 10.829 Thread 0x0000000018b2e000 Uncommon trap: reason=class_check action=maybe_recompile pc=0x0000000002671454 method=java.io.BufferedInputStream.read1([BII)I @ 39
Event: 10.829 Thread 0x0000000018b2e000 Uncommon trap: reason=class_check action=maybe_recompile pc=0x0000000002671454 method=java.io.BufferedInputStream.read1([BII)I @ 39
Event: 10.893 Thread 0x0000000018b2e000 Uncommon trap: reason=unstable_if action=reinterpret pc=0x0000000002c35ae4 method=java.lang.Integer.valueOf(I)Ljava/lang/Integer; @ 3
Event: 10.895 Thread 0x0000000018b2e000 Uncommon trap: reason=predicate action=maybe_recompile pc=0x0000000002d250f8 method=java.util.Arrays.binarySearch0([Ljava/lang/Object;IILjava/lang/Object;Ljava/util/Comparator;)I @ 28
Event: 10.932 Thread 0x0000000018b2e000 Uncommon trap: reason=unstable_if action=reinterpret pc=0x00000000026ccd6c method=sun.misc.MetaIndex.mayContain(Ljava/lang/String;)Z @ 38
Event: 10.933 Thread 0x0000000018b2e000 Uncommon trap: reason=unstable_if action=reinterpret pc=0x0000000002d21498 method=java.security.CodeSource.hashCode()I @ 4
Event: 10.933 Thread 0x0000000018b2e000 Uncommon trap: reason=unstable_if action=reinterpret pc=0x000000000263e48c method=java.security.CodeSource.hashCode()I @ 4

Classes redefined (0 events):
No events

Internal exceptions (10 events):
Event: 10.525 Thread 0x0000000018b2e000 Exception <a 'java/lang/ClassNotFoundException': org/gradle/api/tasks/DeleteCustomizer> (0x00000000e2257460) thrown at [D:\src\AOSP-openjdk-cygwin\jdk8u\hotspot\src\share\vm\classfile\systemDictionary.cpp, line 210]
Event: 10.527 Thread 0x0000000018b2e000 Exception <a 'java/lang/ClassNotFoundException': org/gradle/api/tasks/Delete_DecoratedCustomizer> (0x00000000e229f658) thrown at [D:\src\AOSP-openjdk-cygwin\jdk8u\hotspot\src\share\vm\classfile\systemDictionary.cpp, line 210]
Event: 10.632 Thread 0x0000000018b2e000 Implicit null exception at 0x0000000002cc5027 to 0x0000000002cc50eb
Event: 10.635 Thread 0x0000000018b2e000 Implicit null exception at 0x0000000002cc5706 to 0x0000000002cc57b1
Event: 10.768 Thread 0x0000000018b2e000 Exception <a 'java/lang/ClassNotFoundException': build_8idggj8a9jqpl0hnsxo9ravl8BeanInfo> (0x00000000e274ec30) thrown at [D:\src\AOSP-openjdk-cygwin\jdk8u\hotspot\src\share\vm\classfile\systemDictionary.cpp, line 210]
Event: 10.768 Thread 0x0000000018b2e000 Exception <a 'java/lang/ClassNotFoundException': build_8idggj8a9jqpl0hnsxo9ravl8Customizer> (0x00000000e2759638) thrown at [D:\src\AOSP-openjdk-cygwin\jdk8u\hotspot\src\share\vm\classfile\systemDictionary.cpp, line 210]
Event: 10.933 Thread 0x0000000018b2e000 Implicit null exception at 0x0000000002d20397 to 0x0000000002d21461
Event: 10.933 Thread 0x0000000018b2e000 Implicit null exception at 0x000000000263e195 to 0x000000000263e47d
Event: 11.040 Thread 0x0000000018b2e000 Exception <a 'sun/nio/fs/WindowsException'> (0x00000000e34c6d38) thrown at [D:\src\AOSP-openjdk-cygwin\jdk8u\hotspot\src\share\vm\prims\jni.cpp, line 709]
Event: 11.343 Thread 0x0000000018b2e000 Exception <a 'sun/nio/fs/WindowsException'> (0x00000000e42408d8) thrown at [D:\src\AOSP-openjdk-cygwin\jdk8u\hotspot\src\share\vm\prims\jni.cpp, line 709]

Events (10 events):
Event: 11.427 loading class org/gradle/api/internal/tasks/RealizableTaskCollection
Event: 11.427 loading class org/gradle/api/internal/tasks/RealizableTaskCollection done
Event: 11.432 loading class org/gradle/internal/Actions$FilteredAction
Event: 11.432 loading class org/gradle/internal/Actions$FilteredAction done
Event: 11.433 loading class org/gradle/api/internal/plugins/DefaultArtifactPublicationSet
Event: 11.433 loading class org/gradle/api/internal/plugins/DefaultArtifactPublicationSet done
Event: 11.440 loading class org/gradle/api/plugins/BasePlugin$3
Event: 11.440 loading class org/gradle/api/plugins/BasePlugin$3 done
Event: 11.441 loading class org/gradle/api/plugins/BasePlugin$3$1
Event: 11.441 loading class org/gradle/api/plugins/BasePlugin$3$1 done


Dynamic libraries:
0x00007ff6f4e30000 - 0x00007ff6f4e61000 	C:\Program Files\Android\Android Studio\jre\bin\java.exe
0x00007ffa516f0000 - 0x00007ffa518b2000 	C:\Windows\SYSTEM32\ntdll.dll
0x00007ffa509f0000 - 0x00007ffa50a9d000 	C:\Windows\system32\KERNEL32.DLL
0x00007ffa4eb70000 - 0x00007ffa4ed4d000 	C:\Windows\system32\KERNELBASE.dll
0x00007ffa51610000 - 0x00007ffa516b6000 	C:\Windows\system32\ADVAPI32.dll
0x00007ffa51140000 - 0x00007ffa511dd000 	C:\Windows\system32\msvcrt.dll
0x00007ffa50730000 - 0x00007ffa5078b000 	C:\Windows\system32\sechost.dll
0x00007ffa50ab0000 - 0x00007ffa50bd6000 	C:\Windows\system32\RPCRT4.dll
0x00007ffa50e60000 - 0x00007ffa50fae000 	C:\Windows\system32\USER32.dll
0x00007ffa50fb0000 - 0x00007ffa51133000 	C:\Windows\system32\GDI32.dll
0x00007ffa46020000 - 0x00007ffa46294000 	C:\Windows\WinSxS\amd64_microsoft.windows.common-controls_6595b64144ccf1df_6.0.10240.17184_none_f41d7a705752bce6\COMCTL32.dll
0x00007ffa50e20000 - 0x00007ffa50e56000 	C:\Windows\system32\IMM32.DLL
0x00007ffa50cc0000 - 0x00007ffa50e1c000 	C:\Windows\system32\MSCTF.dll
0x0000000062dc0000 - 0x0000000062e92000 	C:\Program Files\Android\Android Studio\jre\jre\bin\msvcr100.dll
0x0000000061de0000 - 0x000000006261e000 	C:\Program Files\Android\Android Studio\jre\jre\bin\server\jvm.dll
0x00007ffa50aa0000 - 0x00007ffa50aa8000 	C:\Windows\system32\PSAPI.DLL
0x00007ffa4c800000 - 0x00007ffa4c809000 	C:\Windows\SYSTEM32\WSOCK32.dll
0x00007ffa50be0000 - 0x00007ffa50c49000 	C:\Windows\system32\WS2_32.dll
0x00007ffa508d0000 - 0x00007ffa508d8000 	C:\Windows\system32\NSI.dll
0x00007ffa4bfa0000 - 0x00007ffa4bfc3000 	C:\Windows\SYSTEM32\WINMM.dll
0x00007ffa4c700000 - 0x00007ffa4c70a000 	C:\Windows\SYSTEM32\VERSION.dll
0x00007ffa4bf10000 - 0x00007ffa4bf3c000 	C:\Windows\SYSTEM32\WINMMBASE.dll
0x00007ffa4e7e0000 - 0x00007ffa4e824000 	C:\Windows\system32\cfgmgr32.dll
0x00007ffa4c9f0000 - 0x00007ffa4ca17000 	C:\Windows\SYSTEM32\DEVOBJ.dll
0x00007ffa4c7f0000 - 0x00007ffa4c7ff000 	C:\Program Files\Android\Android Studio\jre\jre\bin\verify.dll
0x00007ffa491a0000 - 0x00007ffa491c9000 	C:\Program Files\Android\Android Studio\jre\jre\bin\java.dll
0x00007ffa4c7d0000 - 0x00007ffa4c7e6000 	C:\Program Files\Android\Android Studio\jre\jre\bin\zip.dll
0x00007ffa4f130000 - 0x00007ffa50653000 	C:\Windows\system32\SHELL32.dll
0x00007ffa4e1b0000 - 0x00007ffa4e7d9000 	C:\Windows\system32\windows.storage.dll
0x00007ffa511e0000 - 0x00007ffa5145c000 	C:\Windows\system32\combase.dll
0x00007ffa4ef80000 - 0x00007ffa4efd1000 	C:\Windows\system32\shlwapi.dll
0x00007ffa4e180000 - 0x00007ffa4e18f000 	C:\Windows\system32\kernel.appcore.dll
0x00007ffa4eab0000 - 0x00007ffa4eb63000 	C:\Windows\system32\shcore.dll
0x00007ffa4e130000 - 0x00007ffa4e17a000 	C:\Windows\system32\powrprof.dll
0x00007ffa4e110000 - 0x00007ffa4e123000 	C:\Windows\system32\profapi.dll
0x00007ffa48d80000 - 0x00007ffa48d9a000 	C:\Program Files\Android\Android Studio\jre\jre\bin\net.dll
0x00007ffa4d980000 - 0x00007ffa4d9dd000 	C:\Windows\system32\mswsock.dll
0x00007ffa48310000 - 0x00007ffa48321000 	C:\Program Files\Android\Android Studio\jre\jre\bin\nio.dll
0x00007ffa36680000 - 0x00007ffa3669e000 	C:\Users\admin\.gradle\native\25\windows-amd64\native-platform.dll
0x00007ffa48dd0000 - 0x00007ffa48ddd000 	C:\Program Files\Android\Android Studio\jre\jre\bin\management.dll
0x00007ffa4d9e0000 - 0x00007ffa4d9f7000 	C:\Windows\SYSTEM32\CRYPTSP.dll
0x00007ffa4dc50000 - 0x00007ffa4dc78000 	C:\Windows\SYSTEM32\bcrypt.dll
0x00007ffa4d630000 - 0x00007ffa4d663000 	C:\Windows\system32\rsaenh.dll
0x00007ffa4d7d0000 - 0x00007ffa4d7ef000 	C:\Windows\SYSTEM32\USERENV.dll
0x00007ffa4df60000 - 0x00007ffa4dfcb000 	C:\Windows\system32\bcryptprimitives.dll
0x00007ffa4db30000 - 0x00007ffa4db3b000 	C:\Windows\SYSTEM32\CRYPTBASE.dll
0x00007ffa4c3f0000 - 0x00007ffa4c428000 	C:\Windows\SYSTEM32\IPHLPAPI.DLL
0x00007ffa4c3e0000 - 0x00007ffa4c3eb000 	C:\Windows\SYSTEM32\WINNSI.DLL
0x00007ffa46ba0000 - 0x00007ffa46bb6000 	C:\Windows\SYSTEM32\dhcpcsvc6.DLL
0x00007ffa46b80000 - 0x00007ffa46b9a000 	C:\Windows\SYSTEM32\dhcpcsvc.DLL

VM Arguments:
jvm_args: -Xmx1536m -Dfile.encoding=windows-1252 -Duser.country=US -Duser.language=en -Duser.variant 
java_command: org.gradle.launcher.daemon.bootstrap.GradleDaemon 4.6
java_class_path (initial): C:\Users\admin\.gradle\wrapper\dists\gradle-4.6-all\bcst21l2brirad8k2ben1letg\gradle-4.6\lib\gradle-launcher-4.6.jar
Launcher Type: SUN_STANDARD

Environment Variables:
PATH=C:\Program Files (x86)\NVIDIA Corporation\PhysX\Common;C:\ProgramData\Oracle\Java\javapath;C:\Windows\system32;C:\Windows;C:\Windows\System32\Wbem;C:\Windows\System32\WindowsPowerShell\v1.0\;C:\Program Files\Java\jdk-9.0.4\bin;C:\Program Files\Java\jre-9.0.4\bin;C:\Program Files (x86)\Brackets\command;C:\Program Files\nodejs\;C:\Program Files (x86)\GtkSharp\2.12\bin;C:\Users\admin\AppData\Local\Programs\Python\Python37-32\Scripts\;C:\Users\admin\AppData\Local\Programs\Python\Python37-32\;C:\Users\admin\AppData\Roaming\npm
USERNAME=admin
OS=Windows_NT
PROCESSOR_IDENTIFIER=Intel64 Family 6 Model 69 Stepping 1, GenuineIntel



---------------  S Y S T E M  ---------------

OS: Windows 10.0 , 64 bit Build 10240 (10.0.10240.17113)

CPU:total 4 (initial active 4) (2 cores per cpu, 2 threads per core) family 6 model 69 stepping 1, cmov, cx8, fxsr, mmx, sse, sse2, sse3, ssse3, sse4.1, sse4.2, popcnt, avx, avx2, aes, clmul, erms, lzcnt, ht, tsc, tscinvbit, bmi1, bmi2

Memory: 4k page, physical 4129068k(524388k free), swap 5177644k(3644k free)

vm_info: OpenJDK 64-Bit Server VM (25.152-b01) for windows-amd64 JRE (1.8.0_152-release-915-b01), built by "builder" with MS VC++ 10.0 (VS2010)

time: Wed Jan 09 22:53:06 2019
elapsed time: 11 seconds (0d 0h 0m 11s)

